# JRE version: OpenJDK Runtime Environment Temurin-17.0.11+9 (17.0.11+9) (build 17.0.11+9)
# Java VM: OpenJDK 64-Bit Server VM Temurin-17.0.11+9 (17.0.11+9, mixed mode, tiered, compressed oops, compressed class ptrs, parallel gc, windows-amd64)
GC Precious Log:
 CPUs: 8 total, 8 available
 Memory: 24427M
 Large Page Support: Disabled
 NUMA Support: Disabled
 Compressed Oops: Enabled (32-bit)
 Alignments: Space 512K, Generation 512K, Heap 2M
 Heap Min Capacity: 100M
 Heap Initial Capacity: 100M
 Heap Max Capacity: 1G
 Pre-touch: Disabled
 Parallel Workers: 8
Heap:
 PSYoungGen      total 22528K, used 2536K [0x00000000eab00000, 0x00000000ecc00000, 0x0000000100000000)
  eden space 19968K, 0% used [0x00000000eab00000,0x00000000eab00000,0x00000000ebe80000)
  from space 2560K, 99% used [0x00000000ec480000,0x00000000ec6fa038,0x00000000ec700000)
  to   space 6144K, 0% used [0x00000000ebe80000,0x00000000ebe80000,0x00000000ec480000)
 ParOldGen       total 89600K, used 88811K [0x00000000c0000000, 0x00000000c5780000, 0x00000000eab00000)
  object space 89600K, 99% used [0x00000000c0000000,0x00000000c56bad18,0x00000000c5780000)
 Metaspace       used 72513K, committed 73728K, reserved 1114112K
  class space    used 8453K, committed 8960K, reserved 1048576K
GC Heap History (20 events):
Event: 93.273 GC heap after
{Heap after GC invocations=94 (full 4):
 PSYoungGen      total 26112K, used 4577K [0x00000000eab00000, 0x00000000eca00000, 0x0000000100000000)
  eden space 21504K, 0% used [0x00000000eab00000,0x00000000eab00000,0x00000000ec000000)
  from space 4608K, 99% used [0x00000000ec080000,0x00000000ec4f8788,0x00000000ec500000)
  to   space 5120K, 0% used [0x00000000ec500000,0x00000000ec500000,0x00000000eca00000)
 ParOldGen       total 89600K, used 61839K [0x00000000c0000000, 0x00000000c5780000, 0x00000000eab00000)
  object space 89600K, 69% used [0x00000000c0000000,0x00000000c3c63d08,0x00000000c5780000)
 Metaspace       used 67497K, committed 68672K, reserved 1114112K
  class space    used 7731K, committed 8256K, reserved 1048576K
}
Event: 93.955 GC heap before
{Heap before GC invocations=95 (full 4):
 PSYoungGen      total 26112K, used 26081K [0x00000000eab00000, 0x00000000eca00000, 0x0000000100000000)
  eden space 21504K, 100% used [0x00000000eab00000,0x00000000ec000000,0x00000000ec000000)
  from space 4608K, 99% used [0x00000000ec080000,0x00000000ec4f8788,0x00000000ec500000)
  to   space 5120K, 0% used [0x00000000ec500000,0x00000000ec500000,0x00000000eca00000)
 ParOldGen       total 89600K, used 61839K [0x00000000c0000000, 0x00000000c5780000, 0x00000000eab00000)
  object space 89600K, 69% used [0x00000000c0000000,0x00000000c3c63d08,0x00000000c5780000)
 Metaspace       used 67499K, committed 68672K, reserved 1114112K
  class space    used 7731K, committed 8256K, reserved 1048576K
}
Event: 93.958 GC heap after
{Heap after GC invocations=95 (full 4):
 PSYoungGen      total 26112K, used 4205K [0x00000000eab00000, 0x00000000ec980000, 0x0000000100000000)
  eden space 21504K, 0% used [0x00000000eab00000,0x00000000eab00000,0x00000000ec000000)
  from space 4608K, 91% used [0x00000000ec500000,0x00000000ec91b620,0x00000000ec980000)
  to   space 4608K, 0% used [0x00000000ec080000,0x00000000ec080000,0x00000000ec500000)
 ParOldGen       total 89600K, used 66025K [0x00000000c0000000, 0x00000000c5780000, 0x00000000eab00000)
  object space 89600K, 73% used [0x00000000c0000000,0x00000000c407a4d8,0x00000000c5780000)
 Metaspace       used 67499K, committed 68672K, reserved 1114112K
  class space    used 7731K, committed 8256K, reserved 1048576K
}
Event: 94.325 GC heap before
{Heap before GC invocations=96 (full 4):
 PSYoungGen      total 26112K, used 25709K [0x00000000eab00000, 0x00000000ec980000, 0x0000000100000000)
  eden space 21504K, 100% used [0x00000000eab00000,0x00000000ec000000,0x00000000ec000000)
  from space 4608K, 91% used [0x00000000ec500000,0x00000000ec91b620,0x00000000ec980000)
  to   space 4608K, 0% used [0x00000000ec080000,0x00000000ec080000,0x00000000ec500000)
 ParOldGen       total 89600K, used 66025K [0x00000000c0000000, 0x00000000c5780000, 0x00000000eab00000)
  object space 89600K, 73% used [0x00000000c0000000,0x00000000c407a4d8,0x00000000c5780000)
 Metaspace       used 67502K, committed 68672K, reserved 1114112K
  class space    used 7731K, committed 8256K, reserved 1048576K
}
Event: 94.332 GC heap after
{Heap after GC invocations=96 (full 4):
 PSYoungGen      total 26112K, used 4577K [0x00000000eab00000, 0x00000000ed400000, 0x0000000100000000)
  eden space 21504K, 0% used [0x00000000eab00000,0x00000000eab00000,0x00000000ec000000)
  from space 4608K, 99% used [0x00000000ec080000,0x00000000ec4f85a0,0x00000000ec500000)
  to   space 10240K, 0% used [0x00000000eca00000,0x00000000eca00000,0x00000000ed400000)
 ParOldGen       total 89600K, used 70388K [0x00000000c0000000, 0x00000000c5780000, 0x00000000eab00000)
  object space 89600K, 78% used [0x00000000c0000000,0x00000000c44bd008,0x00000000c5780000)
 Metaspace       used 67502K, committed 68672K, reserved 1114112K
  class space    used 7731K, committed 8256K, reserved 1048576K
}
Event: 94.714 GC heap before
{Heap before GC invocations=97 (full 4):
 PSYoungGen      total 26112K, used 26081K [0x00000000eab00000, 0x00000000ed400000, 0x0000000100000000)
  eden space 21504K, 100% used [0x00000000eab00000,0x00000000ec000000,0x00000000ec000000)
  from space 4608K, 99% used [0x00000000ec080000,0x00000000ec4f85a0,0x00000000ec500000)
  to   space 10240K, 0% used [0x00000000eca00000,0x00000000eca00000,0x00000000ed400000)
 ParOldGen       total 89600K, used 70388K [0x00000000c0000000, 0x00000000c5780000, 0x00000000eab00000)
  object space 89600K, 78% used [0x00000000c0000000,0x00000000c44bd008,0x00000000c5780000)
 Metaspace       used 67510K, committed 68672K, reserved 1114112K
  class space    used 7732K, committed 8256K, reserved 1048576K
}
Event: 94.720 GC heap after
{Heap after GC invocations=97 (full 4):
 PSYoungGen      total 26624K, used 4774K [0x00000000eab00000, 0x00000000ecf00000, 0x0000000100000000)
  eden space 21504K, 0% used [0x00000000eab00000,0x00000000eab00000,0x00000000ec000000)
  from space 5120K, 93% used [0x00000000eca00000,0x00000000ecea9a00,0x00000000ecf00000)
  to   space 6656K, 0% used [0x00000000ec200000,0x00000000ec200000,0x00000000ec880000)
 ParOldGen       total 89600K, used 74747K [0x00000000c0000000, 0x00000000c5780000, 0x00000000eab00000)
  object space 89600K, 83% used [0x00000000c0000000,0x00000000c48fed10,0x00000000c5780000)
 Metaspace       used 67510K, committed 68672K, reserved 1114112K
  class space    used 7732K, committed 8256K, reserved 1048576K
}
Event: 95.094 GC heap before
{Heap before GC invocations=98 (full 4):
 PSYoungGen      total 26624K, used 26278K [0x00000000eab00000, 0x00000000ecf00000, 0x0000000100000000)
  eden space 21504K, 100% used [0x00000000eab00000,0x00000000ec000000,0x00000000ec000000)
  from space 5120K, 93% used [0x00000000eca00000,0x00000000ecea9a00,0x00000000ecf00000)
  to   space 6656K, 0% used [0x00000000ec200000,0x00000000ec200000,0x00000000ec880000)
 ParOldGen       total 89600K, used 74747K [0x00000000c0000000, 0x00000000c5780000, 0x00000000eab00000)
  object space 89600K, 83% used [0x00000000c0000000,0x00000000c48fed10,0x00000000c5780000)
 Metaspace       used 68354K, committed 69504K, reserved 1114112K
  class space    used 7841K, committed 8320K, reserved 1048576K
}
Event: 95.098 GC heap after
{Heap after GC invocations=98 (full 4):
 PSYoungGen      total 24064K, used 2344K [0x00000000eab00000, 0x00000000eca80000, 0x0000000100000000)
  eden space 21504K, 0% used [0x00000000eab00000,0x00000000eab00000,0x00000000ec000000)
  from space 2560K, 91% used [0x00000000ec200000,0x00000000ec44a3a0,0x00000000ec480000)
  to   space 3584K, 0% used [0x00000000ec700000,0x00000000ec700000,0x00000000eca80000)
 ParOldGen       total 89600K, used 79340K [0x00000000c0000000, 0x00000000c5780000, 0x00000000eab00000)
  object space 89600K, 88% used [0x00000000c0000000,0x00000000c4d7b000,0x00000000c5780000)
 Metaspace       used 68354K, committed 69504K, reserved 1114112K
  class space    used 7841K, committed 8320K, reserved 1048576K
}
Event: 95.423 GC heap before
{Heap before GC invocations=99 (full 4):
 PSYoungGen      total 24064K, used 23848K [0x00000000eab00000, 0x00000000eca80000, 0x0000000100000000)
  eden space 21504K, 100% used [0x00000000eab00000,0x00000000ec000000,0x00000000ec000000)
  from space 2560K, 91% used [0x00000000ec200000,0x00000000ec44a3a0,0x00000000ec480000)
  to   space 3584K, 0% used [0x00000000ec700000,0x00000000ec700000,0x00000000eca80000)
 ParOldGen       total 89600K, used 79340K [0x00000000c0000000, 0x00000000c5780000, 0x00000000eab00000)
  object space 89600K, 88% used [0x00000000c0000000,0x00000000c4d7b000,0x00000000c5780000)
 Metaspace       used 68867K, committed 70016K, reserved 1114112K
  class space    used 7910K, committed 8384K, reserved 1048576K
}
Event: 95.427 GC heap after
{Heap after GC invocations=99 (full 4):
 PSYoungGen      total 23552K, used 1565K [0x00000000eab00000, 0x00000000ec900000, 0x0000000100000000)
  eden space 21504K, 0% used [0x00000000eab00000,0x00000000eab00000,0x00000000ec000000)
  from space 2048K, 76% used [0x00000000ec700000,0x00000000ec8876c8,0x00000000ec900000)
  to   space 2048K, 0% used [0x00000000ec500000,0x00000000ec500000,0x00000000ec700000)
 ParOldGen       total 89600K, used 81547K [0x00000000c0000000, 0x00000000c5780000, 0x00000000eab00000)
  object space 89600K, 91% used [0x00000000c0000000,0x00000000c4fa2d68,0x00000000c5780000)
 Metaspace       used 68867K, committed 70016K, reserved 1114112K
  class space    used 7910K, committed 8384K, reserved 1048576K
}
Event: 95.698 GC heap before
{Heap before GC invocations=100 (full 4):
 PSYoungGen      total 23552K, used 23069K [0x00000000eab00000, 0x00000000ec900000, 0x0000000100000000)
  eden space 21504K, 100% used [0x00000000eab00000,0x00000000ec000000,0x00000000ec000000)
  from space 2048K, 76% used [0x00000000ec700000,0x00000000ec8876c8,0x00000000ec900000)
  to   space 2048K, 0% used [0x00000000ec500000,0x00000000ec500000,0x00000000ec700000)
 ParOldGen       total 89600K, used 81547K [0x00000000c0000000, 0x00000000c5780000, 0x00000000eab00000)
  object space 89600K, 91% used [0x00000000c0000000,0x00000000c4fa2d68,0x00000000c5780000)
 Metaspace       used 69460K, committed 70720K, reserved 1114112K
  class space    used 7989K, committed 8512K, reserved 1048576K
}
Event: 95.700 GC heap after
{Heap after GC invocations=100 (full 4):
 PSYoungGen      total 23040K, used 1269K [0x00000000eab00000, 0x00000000ec780000, 0x0000000100000000)
  eden space 21504K, 0% used [0x00000000eab00000,0x00000000eab00000,0x00000000ec000000)
  from space 1536K, 82% used [0x00000000ec500000,0x00000000ec63d420,0x00000000ec680000)
  to   space 1024K, 0% used [0x00000000ec680000,0x00000000ec680000,0x00000000ec780000)
 ParOldGen       total 89600K, used 82933K [0x00000000c0000000, 0x00000000c5780000, 0x00000000eab00000)
  object space 89600K, 92% used [0x00000000c0000000,0x00000000c50fd448,0x00000000c5780000)
 Metaspace       used 69460K, committed 70720K, reserved 1114112K
  class space    used 7989K, committed 8512K, reserved 1048576K
}
Event: 96.050 GC heap before
{Heap before GC invocations=101 (full 4):
 PSYoungGen      total 23040K, used 22773K [0x00000000eab00000, 0x00000000ec780000, 0x0000000100000000)
  eden space 21504K, 100% used [0x00000000eab00000,0x00000000ec000000,0x00000000ec000000)
  from space 1536K, 82% used [0x00000000ec500000,0x00000000ec63d420,0x00000000ec680000)
  to   space 1024K, 0% used [0x00000000ec680000,0x00000000ec680000,0x00000000ec780000)
 ParOldGen       total 89600K, used 82933K [0x00000000c0000000, 0x00000000c5780000, 0x00000000eab00000)
  object space 89600K, 92% used [0x00000000c0000000,0x00000000c50fd4a0,0x00000000c5780000)
 Metaspace       used 71105K, committed 72320K, reserved 1114112K
  class space    used 8197K, committed 8704K, reserved 1048576K
}
Event: 96.052 GC heap after
{Heap after GC invocations=101 (full 4):
 PSYoungGen      total 22528K, used 1021K [0x00000000eab00000, 0x00000000ec780000, 0x0000000100000000)
  eden space 21504K, 0% used [0x00000000eab00000,0x00000000eab00000,0x00000000ec000000)
  from space 1024K, 99% used [0x00000000ec680000,0x00000000ec77f568,0x00000000ec780000)
  to   space 3584K, 0% used [0x00000000ec080000,0x00000000ec080000,0x00000000ec400000)
 ParOldGen       total 89600K, used 84970K [0x00000000c0000000, 0x00000000c5780000, 0x00000000eab00000)
  object space 89600K, 94% used [0x00000000c0000000,0x00000000c52fa870,0x00000000c5780000)
 Metaspace       used 71105K, committed 72320K, reserved 1114112K
  class space    used 8197K, committed 8704K, reserved 1048576K
}
Event: 96.427 GC heap before
{Heap before GC invocations=102 (full 4):
 PSYoungGen      total 22528K, used 22525K [0x00000000eab00000, 0x00000000ec780000, 0x0000000100000000)
  eden space 21504K, 100% used [0x00000000eab00000,0x00000000ec000000,0x00000000ec000000)
  from space 1024K, 99% used [0x00000000ec680000,0x00000000ec77f568,0x00000000ec780000)
  to   space 3584K, 0% used [0x00000000ec080000,0x00000000ec080000,0x00000000ec400000)
 ParOldGen       total 89600K, used 84988K [0x00000000c0000000, 0x00000000c5780000, 0x00000000eab00000)
  object space 89600K, 94% used [0x00000000c0000000,0x00000000c52ff368,0x00000000c5780000)
 Metaspace       used 72109K, committed 73344K, reserved 1114112K
  class space    used 8381K, committed 8896K, reserved 1048576K
}
Event: 96.429 GC heap after
{Heap after GC invocations=102 (full 4):
 PSYoungGen      total 25088K, used 2139K [0x00000000eab00000, 0x00000000ec700000, 0x0000000100000000)
  eden space 21504K, 0% used [0x00000000eab00000,0x00000000eab00000,0x00000000ec000000)
  from space 3584K, 59% used [0x00000000ec080000,0x00000000ec296cc0,0x00000000ec400000)
  to   space 2560K, 0% used [0x00000000ec480000,0x00000000ec480000,0x00000000ec700000)
 ParOldGen       total 89600K, used 85900K [0x00000000c0000000, 0x00000000c5780000, 0x00000000eab00000)
  object space 89600K, 95% used [0x00000000c0000000,0x00000000c53e31f0,0x00000000c5780000)
 Metaspace       used 72109K, committed 73344K, reserved 1114112K
  class space    used 8381K, committed 8896K, reserved 1048576K
}
Event: 96.809 GC heap before
{Heap before GC invocations=103 (full 4):
 PSYoungGen      total 25088K, used 23643K [0x00000000eab00000, 0x00000000ec700000, 0x0000000100000000)
  eden space 21504K, 100% used [0x00000000eab00000,0x00000000ec000000,0x00000000ec000000)
  from space 3584K, 59% used [0x00000000ec080000,0x00000000ec296cc0,0x00000000ec400000)
  to   space 2560K, 0% used [0x00000000ec480000,0x00000000ec480000,0x00000000ec700000)
 ParOldGen       total 89600K, used 85900K [0x00000000c0000000, 0x00000000c5780000, 0x00000000eab00000)
  object space 89600K, 95% used [0x00000000c0000000,0x00000000c53e31f0,0x00000000c5780000)
 Metaspace       used 72513K, committed 73728K, reserved 1114112K
  class space    used 8453K, committed 8960K, reserved 1048576K
}
Event: 96.812 GC heap after
{Heap after GC invocations=103 (full 4):
 PSYoungGen      total 22528K, used 2536K [0x00000000eab00000, 0x00000000ecc00000, 0x0000000100000000)
  eden space 19968K, 0% used [0x00000000eab00000,0x00000000eab00000,0x00000000ebe80000)
  from space 2560K, 99% used [0x00000000ec480000,0x00000000ec6fa038,0x00000000ec700000)
  to   space 6144K, 0% used [0x00000000ebe80000,0x00000000ebe80000,0x00000000ec480000)
 ParOldGen       total 89600K, used 88811K [0x00000000c0000000, 0x00000000c5780000, 0x00000000eab00000)
  object space 89600K, 99% used [0x00000000c0000000,0x00000000c56bad18,0x00000000c5780000)
 Metaspace       used 72513K, committed 73728K, reserved 1114112K
  class space    used 8453K, committed 8960K, reserved 1048576K
}
Event: 96.812 GC heap before
{Heap before GC invocations=104 (full 5):
 PSYoungGen      total 22528K, used 2536K [0x00000000eab00000, 0x00000000ecc00000, 0x0000000100000000)
  eden space 19968K, 0% used [0x00000000eab00000,0x00000000eab00000,0x00000000ebe80000)
  from space 2560K, 99% used [0x00000000ec480000,0x00000000ec6fa038,0x00000000ec700000)
  to   space 6144K, 0% used [0x00000000ebe80000,0x00000000ebe80000,0x00000000ec480000)
 ParOldGen       total 89600K, used 88811K [0x00000000c0000000, 0x00000000c5780000, 0x00000000eab00000)
  object space 89600K, 99% used [0x00000000c0000000,0x00000000c56bad18,0x00000000c5780000)
 Metaspace       used 72513K, committed 73728K, reserved 1114112K
  class space    used 8453K, committed 8960K, reserved 1048576K
}

