# JRE version: Java(TM) SE Runtime Environment (22.0.1+8) (build 22.0.1+8-16)
# Java VM: Java HotSpot(TM) 64-Bit Server VM (22.0.1+8-16, mixed mode, sharing, tiered, compressed oops, compressed class ptrs, g1 gc, windows-amd64)
GC Precious Log:
 CardTable entry size: 512
 Card Set container configuration: InlinePtr #cards 5 size 8 Array Of Cards #cards 12 size 40 Howl #buckets 4 coarsen threshold 1843 Howl Bitmap #cards 512 size 80 coarsen threshold 460 Card regions per heap region 1 cards per card region 2048
 CPUs: 8 total, 8 available
 Memory: 8043M
 Large Page Support: Disabled
 NUMA Support: Disabled
 Compressed Oops: Enabled (32-bit)
 Heap Region Size: 1M
 Heap Min Capacity: 8M
 Heap Initial Capacity: 126M
 Heap Max Capacity: 2G
 Pre-touch: Disabled
 Parallel Workers: 8
 Concurrent Workers: 2
 Concurrent Refinement Workers: 8
 Periodic GC: Disabled
Heap:
 garbage-first heap   total reserved 2097152K, committed 116736K, used 81637K [0x0000000080000000, 0x0000000100000000)
  region size 1024K, 14 young (14336K), 4 survivors (4096K)
 Metaspace       used 72515K, committed 74560K, reserved 491520K
  class space    used 10392K, committed 11392K, reserved 425984K
GC Heap History (20 events):
Event: 48.316 GC heap before
{Heap before GC invocations=12 (full 0):
 garbage-first heap   total reserved 2097152K, committed 82944K, used 71790K [0x0000000080000000, 0x0000000100000000)
  region size 1024K, 32 young (32768K), 2 survivors (2048K)
 Metaspace       used 48878K, committed 50432K, reserved 491520K
  class space    used 7024K, committed 7744K, reserved 425984K
}
Event: 48.321 GC heap after
{Heap after GC invocations=13 (full 0):
 garbage-first heap   total reserved 2097152K, committed 82944K, used 44754K [0x0000000080000000, 0x0000000100000000)
  region size 1024K, 4 young (4096K), 4 survivors (4096K)
 Metaspace       used 48878K, committed 50432K, reserved 491520K
  class space    used 7024K, committed 7744K, reserved 425984K
}
Event: 49.555 GC heap before
{Heap before GC invocations=14 (full 0):
 garbage-first heap   total reserved 2097152K, committed 82944K, used 73426K [0x0000000080000000, 0x0000000100000000)
  region size 1024K, 32 young (32768K), 4 survivors (4096K)
 Metaspace       used 54014K, committed 55744K, reserved 491520K
  class space    used 7822K, committed 8640K, reserved 425984K
}
Event: 49.560 GC heap after
{Heap after GC invocations=15 (full 0):
 garbage-first heap   total reserved 2097152K, committed 82944K, used 47291K [0x0000000080000000, 0x0000000100000000)
  region size 1024K, 3 young (3072K), 3 survivors (3072K)
 Metaspace       used 54014K, committed 55744K, reserved 491520K
  class space    used 7822K, committed 8640K, reserved 425984K
}
Event: 50.843 GC heap before
{Heap before GC invocations=15 (full 0):
 garbage-first heap   total reserved 2097152K, committed 82944K, used 73915K [0x0000000080000000, 0x0000000100000000)
  region size 1024K, 29 young (29696K), 3 survivors (3072K)
 Metaspace       used 56306K, committed 58048K, reserved 491520K
  class space    used 8195K, committed 9024K, reserved 425984K
}
Event: 50.848 GC heap after
{Heap after GC invocations=16 (full 0):
 garbage-first heap   total reserved 2097152K, committed 82944K, used 49232K [0x0000000080000000, 0x0000000100000000)
  region size 1024K, 4 young (4096K), 4 survivors (4096K)
 Metaspace       used 56306K, committed 58048K, reserved 491520K
  class space    used 8195K, committed 9024K, reserved 425984K
}
Event: 50.895 GC heap before
{Heap before GC invocations=16 (full 0):
 garbage-first heap   total reserved 2097152K, committed 82944K, used 51280K [0x0000000080000000, 0x0000000100000000)
  region size 1024K, 8 young (8192K), 4 survivors (4096K)
 Metaspace       used 56604K, committed 58368K, reserved 491520K
  class space    used 8260K, committed 9088K, reserved 425984K
}
Event: 50.899 GC heap after
{Heap after GC invocations=17 (full 0):
 garbage-first heap   total reserved 2097152K, committed 82944K, used 50674K [0x0000000080000000, 0x0000000100000000)
  region size 1024K, 2 young (2048K), 2 survivors (2048K)
 Metaspace       used 56604K, committed 58368K, reserved 491520K
  class space    used 8260K, committed 9088K, reserved 425984K
}
Event: 52.018 GC heap before
{Heap before GC invocations=18 (full 0):
 garbage-first heap   total reserved 2097152K, committed 91136K, used 79346K [0x0000000080000000, 0x0000000100000000)
  region size 1024K, 25 young (25600K), 2 survivors (2048K)
 Metaspace       used 58571K, committed 60416K, reserved 491520K
  class space    used 8448K, committed 9280K, reserved 425984K
}
Event: 52.022 GC heap after
{Heap after GC invocations=19 (full 0):
 garbage-first heap   total reserved 2097152K, committed 91136K, used 57408K [0x0000000080000000, 0x0000000100000000)
  region size 1024K, 4 young (4096K), 4 survivors (4096K)
 Metaspace       used 58571K, committed 60416K, reserved 491520K
  class space    used 8448K, committed 9280K, reserved 425984K
}
Event: 52.526 GC heap before
{Heap before GC invocations=19 (full 0):
 garbage-first heap   total reserved 2097152K, committed 95232K, used 88128K [0x0000000080000000, 0x0000000100000000)
  region size 1024K, 27 young (27648K), 4 survivors (4096K)
 Metaspace       used 61329K, committed 63168K, reserved 491520K
  class space    used 8790K, committed 9664K, reserved 425984K
}
Event: 52.531 GC heap after
{Heap after GC invocations=20 (full 0):
 garbage-first heap   total reserved 2097152K, committed 97280K, used 67975K [0x0000000080000000, 0x0000000100000000)
  region size 1024K, 3 young (3072K), 3 survivors (3072K)
 Metaspace       used 61329K, committed 63168K, reserved 491520K
  class space    used 8790K, committed 9664K, reserved 425984K
}
Event: 52.966 GC heap before
{Heap before GC invocations=20 (full 0):
 garbage-first heap   total reserved 2097152K, committed 97280K, used 87431K [0x0000000080000000, 0x0000000100000000)
  region size 1024K, 22 young (22528K), 3 survivors (3072K)
 Metaspace       used 62966K, committed 64832K, reserved 491520K
  class space    used 9034K, committed 9920K, reserved 425984K
}
Event: 52.969 GC heap after
{Heap after GC invocations=21 (full 0):
 garbage-first heap   total reserved 2097152K, committed 97280K, used 68917K [0x0000000080000000, 0x0000000100000000)
  region size 1024K, 1 young (1024K), 1 survivors (1024K)
 Metaspace       used 62966K, committed 64832K, reserved 491520K
  class space    used 9034K, committed 9920K, reserved 425984K
}
Event: 53.474 GC heap before
{Heap before GC invocations=22 (full 0):
 garbage-first heap   total reserved 2097152K, committed 116736K, used 88373K [0x0000000080000000, 0x0000000100000000)
  region size 1024K, 20 young (20480K), 1 survivors (1024K)
 Metaspace       used 65347K, committed 67264K, reserved 491520K
  class space    used 9346K, committed 10240K, reserved 425984K
}
Event: 53.476 GC heap after
{Heap after GC invocations=23 (full 0):
 garbage-first heap   total reserved 2097152K, committed 116736K, used 69778K [0x0000000080000000, 0x0000000100000000)
  region size 1024K, 2 young (2048K), 2 survivors (2048K)
 Metaspace       used 65347K, committed 67264K, reserved 491520K
  class space    used 9346K, committed 10240K, reserved 425984K
}
Event: 54.469 GC heap before
{Heap before GC invocations=23 (full 0):
 garbage-first heap   total reserved 2097152K, committed 116736K, used 106642K [0x0000000080000000, 0x0000000100000000)
  region size 1024K, 38 young (38912K), 2 survivors (2048K)
 Metaspace       used 69708K, committed 71808K, reserved 491520K
  class space    used 10020K, committed 11008K, reserved 425984K
}
Event: 54.477 GC heap after
{Heap after GC invocations=24 (full 0):
 garbage-first heap   total reserved 2097152K, committed 116736K, used 71305K [0x0000000080000000, 0x0000000100000000)
  region size 1024K, 4 young (4096K), 4 survivors (4096K)
 Metaspace       used 69708K, committed 71808K, reserved 491520K
  class space    used 10020K, committed 11008K, reserved 425984K
}
Event: 55.111 GC heap before
{Heap before GC invocations=24 (full 0):
 garbage-first heap   total reserved 2097152K, committed 116736K, used 105097K [0x0000000080000000, 0x0000000100000000)
  region size 1024K, 37 young (37888K), 4 survivors (4096K)
 Metaspace       used 72001K, committed 74048K, reserved 491520K
  class space    used 10325K, committed 11264K, reserved 425984K
}
Event: 55.116 GC heap after
{Heap after GC invocations=25 (full 0):
 garbage-first heap   total reserved 2097152K, committed 116736K, used 72421K [0x0000000080000000, 0x0000000100000000)
  region size 1024K, 4 young (4096K), 4 survivors (4096K)
 Metaspace       used 72001K, committed 74048K, reserved 491520K
  class space    used 10325K, committed 11264K, reserved 425984K
}

