# JRE version: Java(TM) SE Runtime Environment (17.0+35) (build 17+35-LTS-2724)
# Java VM: Java HotSpot(TM) 64-Bit Server VM (17+35-LTS-2724, mixed mode, sharing, tiered, compressed oops, compressed class ptrs, g1 gc, windows-amd64)
GC Precious Log:
 CPUs: 8 total, 8 available
 Memory: 24427M
 Large Page Support: Disabled
 NUMA Support: Disabled
 Compressed Oops: Enabled (32-bit)
 Heap Region Size: 1M
 Heap Min Capacity: 8M
 Heap Initial Capacity: 382M
 Heap Max Capacity: 2G
 Pre-touch: Disabled
 Parallel Workers: 8
 Concurrent Workers: 2
 Concurrent Refinement Workers: 8
 Periodic GC: Disabled
Heap:
 garbage-first heap   total 388096K, used 285456K [0x0000000080000000, 0x0000000100000000)
  region size 1024K, 55 young (56320K), 11 survivors (11264K)
 Metaspace       used 109048K, committed 110784K, reserved 520192K
  class space    used 15314K, committed 16128K, reserved 421888K
GC Heap History (20 events):
Event: 32.407 GC heap before
{Heap before GC invocations=31 (full 0):
 garbage-first heap   total 257024K, used 211052K [0x0000000080000000, 0x0000000100000000)
  region size 1024K, 67 young (68608K), 10 survivors (10240K)
 Metaspace       used 103425K, committed 104704K, reserved 512000K
  class space    used 14655K, committed 15232K, reserved 421888K
}
Event: 32.423 GC heap after
{Heap after GC invocations=32 (full 0):
 garbage-first heap   total 257024K, used 165568K [0x0000000080000000, 0x0000000100000000)
  region size 1024K, 9 young (9216K), 9 survivors (9216K)
 Metaspace       used 103425K, committed 104704K, reserved 512000K
  class space    used 14655K, committed 15232K, reserved 421888K
}
Event: 32.914 GC heap before
{Heap before GC invocations=32 (full 0):
 garbage-first heap   total 257024K, used 210624K [0x0000000080000000, 0x0000000100000000)
  region size 1024K, 53 young (54272K), 9 survivors (9216K)
 Metaspace       used 103863K, committed 105088K, reserved 520192K
  class space    used 14698K, committed 15232K, reserved 421888K
}
Event: 32.934 GC heap after
{Heap after GC invocations=33 (full 0):
 garbage-first heap   total 257024K, used 176727K [0x0000000080000000, 0x0000000100000000)
  region size 1024K, 7 young (7168K), 7 survivors (7168K)
 Metaspace       used 103863K, committed 105088K, reserved 520192K
  class space    used 14698K, committed 15232K, reserved 421888K
}
Event: 33.323 GC heap before
{Heap before GC invocations=33 (full 0):
 garbage-first heap   total 257024K, used 211543K [0x0000000080000000, 0x0000000100000000)
  region size 1024K, 41 young (41984K), 7 survivors (7168K)
 Metaspace       used 104363K, committed 105792K, reserved 520192K
  class space    used 14773K, committed 15424K, reserved 421888K
}
Event: 33.335 GC heap after
{Heap after GC invocations=34 (full 0):
 garbage-first heap   total 257024K, used 184622K [0x0000000080000000, 0x0000000100000000)
  region size 1024K, 6 young (6144K), 6 survivors (6144K)
 Metaspace       used 104363K, committed 105792K, reserved 520192K
  class space    used 14773K, committed 15424K, reserved 421888K
}
Event: 33.596 GC heap before
{Heap before GC invocations=34 (full 0):
 garbage-first heap   total 257024K, used 213294K [0x0000000080000000, 0x0000000100000000)
  region size 1024K, 34 young (34816K), 6 survivors (6144K)
 Metaspace       used 105716K, committed 107072K, reserved 520192K
  class space    used 14925K, committed 15552K, reserved 421888K
}
Event: 33.604 GC heap after
{Heap after GC invocations=35 (full 0):
 garbage-first heap   total 257024K, used 188424K [0x0000000080000000, 0x0000000100000000)
  region size 1024K, 3 young (3072K), 3 survivors (3072K)
 Metaspace       used 105716K, committed 107072K, reserved 520192K
  class space    used 14925K, committed 15552K, reserved 421888K
}
Event: 33.945 GC heap before
{Heap before GC invocations=35 (full 0):
 garbage-first heap   total 257024K, used 216072K [0x0000000080000000, 0x0000000100000000)
  region size 1024K, 30 young (30720K), 3 survivors (3072K)
 Metaspace       used 106091K, committed 107584K, reserved 520192K
  class space    used 14989K, committed 15680K, reserved 421888K
}
Event: 33.955 GC heap after
{Heap after GC invocations=36 (full 0):
 garbage-first heap   total 257024K, used 194221K [0x0000000080000000, 0x0000000100000000)
  region size 1024K, 4 young (4096K), 4 survivors (4096K)
 Metaspace       used 106091K, committed 107584K, reserved 520192K
  class space    used 14989K, committed 15680K, reserved 421888K
}
Event: 34.118 GC heap before
{Heap before GC invocations=36 (full 0):
 garbage-first heap   total 257024K, used 216749K [0x0000000080000000, 0x0000000100000000)
  region size 1024K, 27 young (27648K), 4 survivors (4096K)
 Metaspace       used 106471K, committed 108032K, reserved 520192K
  class space    used 15037K, committed 15744K, reserved 421888K
}
Event: 34.125 GC heap after
{Heap after GC invocations=37 (full 0):
 garbage-first heap   total 309248K, used 199680K [0x0000000080000000, 0x0000000100000000)
  region size 1024K, 4 young (4096K), 4 survivors (4096K)
 Metaspace       used 106471K, committed 108032K, reserved 520192K
  class space    used 15037K, committed 15744K, reserved 421888K
}
Event: 34.234 GC heap before
{Heap before GC invocations=37 (full 0):
 garbage-first heap   total 309248K, used 224256K [0x0000000080000000, 0x0000000100000000)
  region size 1024K, 25 young (25600K), 4 survivors (4096K)
 Metaspace       used 106577K, committed 108096K, reserved 520192K
  class space    used 15049K, committed 15744K, reserved 421888K
}
Event: 34.239 GC heap after
{Heap after GC invocations=38 (full 0):
 garbage-first heap   total 309248K, used 210555K [0x0000000080000000, 0x0000000100000000)
  region size 1024K, 7 young (7168K), 7 survivors (7168K)
 Metaspace       used 106577K, committed 108096K, reserved 520192K
  class space    used 15049K, committed 15744K, reserved 421888K
}
Event: 34.640 GC heap before
{Heap before GC invocations=39 (full 0):
 garbage-first heap   total 388096K, used 247419K [0x0000000080000000, 0x0000000100000000)
  region size 1024K, 44 young (45056K), 7 survivors (7168K)
 Metaspace       used 108072K, committed 109696K, reserved 520192K
  class space    used 15201K, committed 15936K, reserved 421888K
}
Event: 34.649 GC heap after
{Heap after GC invocations=40 (full 0):
 garbage-first heap   total 388096K, used 219204K [0x0000000080000000, 0x0000000100000000)
  region size 1024K, 6 young (6144K), 6 survivors (6144K)
 Metaspace       used 108072K, committed 109696K, reserved 520192K
  class space    used 15201K, committed 15936K, reserved 421888K
}
Event: 34.768 GC heap before
{Heap before GC invocations=40 (full 0):
 garbage-first heap   total 388096K, used 231492K [0x0000000080000000, 0x0000000100000000)
  region size 1024K, 18 young (18432K), 6 survivors (6144K)
 Metaspace       used 108243K, committed 109824K, reserved 520192K
  class space    used 15217K, committed 15936K, reserved 421888K
}
Event: 34.778 GC heap after
{Heap after GC invocations=41 (full 0):
 garbage-first heap   total 388096K, used 218789K [0x0000000080000000, 0x0000000100000000)
  region size 1024K, 3 young (3072K), 3 survivors (3072K)
 Metaspace       used 108243K, committed 109824K, reserved 520192K
  class space    used 15217K, committed 15936K, reserved 421888K
}
Event: 35.275 GC heap before
{Heap before GC invocations=41 (full 0):
 garbage-first heap   total 388096K, used 308901K [0x0000000080000000, 0x0000000100000000)
  region size 1024K, 88 young (90112K), 3 survivors (3072K)
 Metaspace       used 108736K, committed 110400K, reserved 520192K
  class space    used 15272K, committed 16064K, reserved 421888K
}
Event: 35.286 GC heap after
{Heap after GC invocations=42 (full 0):
 garbage-first heap   total 388096K, used 238352K [0x0000000080000000, 0x0000000100000000)
  region size 1024K, 11 young (11264K), 11 survivors (11264K)
 Metaspace       used 108736K, committed 110400K, reserved 520192K
  class space    used 15272K, committed 16064K, reserved 421888K
}

